Start testing: Dec 12 00:18 CST
----------------------------------------------------------
1/1 Testing: test_add
1/1 Test: test_add
Command: "/home/chang/kv/build/test/test_add"
Directory: /home/chang/kv/build/test
"test_add" start time: Dec 12 00:18 CST
Output:
----------------------------------------------------------
<end of output>
Test time =   0.00 sec
----------------------------------------------------------
Test Passed.
"test_add" end time: Dec 12 00:18 CST
"test_add" time elapsed: 00:00:00
----------------------------------------------------------

End testing: Dec 12 00:18 CST
